# JRE version: OpenJDK Runtime Environment (11.0.12+7) (build 11.0.12+7-b1504.28-7817840)
# Java VM: OpenJDK 64-Bit Server VM (11.0.12+7-b1504.28-7817840, mixed mode, tiered, compressed oops, g1 gc, windows-amd64)
Heap:
 garbage-first heap   total 313344K, used 192047K [0x00000000a0000000, 0x0000000100000000)
  region size 1024K, 14 young (14336K), 1 survivors (1024K)
 Metaspace       used 114577K, capacity 118032K, committed 118092K, reserved 1150976K
  class space    used 14459K, capacity 15667K, committed 15692K, reserved 1048576K
GC Heap History (20 events):
Event: 515.419 GC heap before
{Heap before GC invocations=107 (full 0):
 garbage-first heap   total 313344K, used 156938K [0x00000000a0000000, 0x0000000100000000)
  region size 1024K, 15 young (15360K), 2 survivors (2048K)
 Metaspace       used 112576K, capacity 115898K, committed 116172K, reserved 1150976K
  class space    used 14277K, capacity 15472K, committed 15564K, reserved 1048576K
}
Event: 515.454 GC heap after
{Heap after GC invocations=108 (full 0):
 garbage-first heap   total 313344K, used 145446K [0x00000000a0000000, 0x0000000100000000)
  region size 1024K, 2 young (2048K), 2 survivors (2048K)
 Metaspace       used 112576K, capacity 115898K, committed 116172K, reserved 1150976K
  class space    used 14277K, capacity 15472K, committed 15564K, reserved 1048576K
}
Event: 545.807 GC heap before
{Heap before GC invocations=108 (full 0):
 garbage-first heap   total 313344K, used 157734K [0x00000000a0000000, 0x0000000100000000)
  region size 1024K, 15 young (15360K), 2 survivors (2048K)
 Metaspace       used 113436K, capacity 116725K, committed 117068K, reserved 1150976K
  class space    used 14384K, capacity 15597K, committed 15692K, reserved 1048576K
}
Event: 546.332 GC heap after
{Heap after GC invocations=109 (full 0):
 garbage-first heap   total 313344K, used 145892K [0x00000000a0000000, 0x0000000100000000)
  region size 1024K, 2 young (2048K), 2 survivors (2048K)
 Metaspace       used 113436K, capacity 116725K, committed 117068K, reserved 1150976K
  class space    used 14384K, capacity 15597K, committed 15692K, reserved 1048576K
}
Event: 555.231 GC heap before
{Heap before GC invocations=109 (full 0):
 garbage-first heap   total 313344K, used 159204K [0x00000000a0000000, 0x0000000100000000)
  region size 1024K, 15 young (15360K), 2 survivors (2048K)
 Metaspace       used 113829K, capacity 117159K, committed 117324K, reserved 1150976K
  class space    used 14419K, capacity 15633K, committed 15692K, reserved 1048576K
}
Event: 555.421 GC heap after
{Heap after GC invocations=110 (full 0):
 garbage-first heap   total 313344K, used 146701K [0x00000000a0000000, 0x0000000100000000)
  region size 1024K, 2 young (2048K), 2 survivors (2048K)
 Metaspace       used 113829K, capacity 117159K, committed 117324K, reserved 1150976K
  class space    used 14419K, capacity 15633K, committed 15692K, reserved 1048576K
}
Event: 560.224 GC heap before
{Heap before GC invocations=110 (full 0):
 garbage-first heap   total 313344K, used 160013K [0x00000000a0000000, 0x0000000100000000)
  region size 1024K, 15 young (15360K), 2 survivors (2048K)
 Metaspace       used 113926K, capacity 117287K, committed 117580K, reserved 1150976K
  class space    used 14419K, capacity 15633K, committed 15692K, reserved 1048576K
}
Event: 560.258 GC heap after
{Heap after GC invocations=111 (full 0):
 garbage-first heap   total 313344K, used 148090K [0x00000000a0000000, 0x0000000100000000)
  region size 1024K, 2 young (2048K), 2 survivors (2048K)
 Metaspace       used 113926K, capacity 117287K, committed 117580K, reserved 1150976K
  class space    used 14419K, capacity 15633K, committed 15692K, reserved 1048576K
}
Event: 569.226 GC heap before
{Heap before GC invocations=111 (full 0):
 garbage-first heap   total 313344K, used 160378K [0x00000000a0000000, 0x0000000100000000)
  region size 1024K, 15 young (15360K), 2 survivors (2048K)
 Metaspace       used 114011K, capacity 117351K, committed 117580K, reserved 1150976K
  class space    used 14419K, capacity 15633K, committed 15692K, reserved 1048576K
}
Event: 569.732 GC heap after
{Heap after GC invocations=112 (full 0):
 garbage-first heap   total 313344K, used 152125K [0x00000000a0000000, 0x0000000100000000)
  region size 1024K, 2 young (2048K), 2 survivors (2048K)
 Metaspace       used 114011K, capacity 117351K, committed 117580K, reserved 1150976K
  class space    used 14419K, capacity 15633K, committed 15692K, reserved 1048576K
}
Event: 582.072 GC heap before
{Heap before GC invocations=112 (full 0):
 garbage-first heap   total 313344K, used 165437K [0x00000000a0000000, 0x0000000100000000)
  region size 1024K, 15 young (15360K), 2 survivors (2048K)
 Metaspace       used 114046K, capacity 117415K, committed 117580K, reserved 1150976K
  class space    used 14419K, capacity 15633K, committed 15692K, reserved 1048576K
}
Event: 582.402 GC heap after
{Heap after GC invocations=113 (full 0):
 garbage-first heap   total 313344K, used 155530K [0x00000000a0000000, 0x0000000100000000)
  region size 1024K, 2 young (2048K), 2 survivors (2048K)
 Metaspace       used 114046K, capacity 117415K, committed 117580K, reserved 1150976K
  class space    used 14419K, capacity 15633K, committed 15692K, reserved 1048576K
}
Event: 586.054 GC heap before
{Heap before GC invocations=113 (full 0):
 garbage-first heap   total 313344K, used 170890K [0x00000000a0000000, 0x0000000100000000)
  region size 1024K, 15 young (15360K), 2 survivors (2048K)
 Metaspace       used 114051K, capacity 117415K, committed 117580K, reserved 1150976K
  class space    used 14419K, capacity 15633K, committed 15692K, reserved 1048576K
}
Event: 586.373 GC heap after
{Heap after GC invocations=114 (full 0):
 garbage-first heap   total 313344K, used 164078K [0x00000000a0000000, 0x0000000100000000)
  region size 1024K, 2 young (2048K), 2 survivors (2048K)
 Metaspace       used 114051K, capacity 117415K, committed 117580K, reserved 1150976K
  class space    used 14419K, capacity 15633K, committed 15692K, reserved 1048576K
}
Event: 591.282 GC heap before
{Heap before GC invocations=114 (full 0):
 garbage-first heap   total 313344K, used 177390K [0x00000000a0000000, 0x0000000100000000)
  region size 1024K, 15 young (15360K), 2 survivors (2048K)
 Metaspace       used 114065K, capacity 117479K, committed 117580K, reserved 1150976K
  class space    used 14419K, capacity 15633K, committed 15692K, reserved 1048576K
}
Event: 591.385 GC heap after
{Heap after GC invocations=115 (full 0):
 garbage-first heap   total 313344K, used 168960K [0x00000000a0000000, 0x0000000100000000)
  region size 1024K, 2 young (2048K), 2 survivors (2048K)
 Metaspace       used 114065K, capacity 117479K, committed 117580K, reserved 1150976K
  class space    used 14419K, capacity 15633K, committed 15692K, reserved 1048576K
}
Event: 593.884 GC heap before
{Heap before GC invocations=115 (full 0):
 garbage-first heap   total 313344K, used 182272K [0x00000000a0000000, 0x0000000100000000)
  region size 1024K, 15 young (15360K), 2 survivors (2048K)
 Metaspace       used 114143K, capacity 117543K, committed 117836K, reserved 1150976K
  class space    used 14419K, capacity 15633K, committed 15692K, reserved 1048576K
}
Event: 593.908 GC heap after
{Heap after GC invocations=116 (full 0):
 garbage-first heap   total 313344K, used 171814K [0x00000000a0000000, 0x0000000100000000)
  region size 1024K, 2 young (2048K), 2 survivors (2048K)
 Metaspace       used 114143K, capacity 117543K, committed 117836K, reserved 1150976K
  class space    used 14419K, capacity 15633K, committed 15692K, reserved 1048576K
}
Event: 605.066 GC heap before
{Heap before GC invocations=116 (full 0):
 garbage-first heap   total 313344K, used 185126K [0x00000000a0000000, 0x0000000100000000)
  region size 1024K, 15 young (15360K), 2 survivors (2048K)
 Metaspace       used 114354K, capacity 117674K, committed 117836K, reserved 1150976K
  class space    used 14442K, capacity 15634K, committed 15692K, reserved 1048576K
}
Event: 605.206 GC heap after
{Heap after GC invocations=117 (full 0):
 garbage-first heap   total 313344K, used 172591K [0x00000000a0000000, 0x0000000100000000)
  region size 1024K, 1 young (1024K), 1 survivors (1024K)
 Metaspace       used 114354K, capacity 117674K, committed 117836K, reserved 1150976K
  class space    used 14442K, capacity 15634K, committed 15692K, reserved 1048576K
}

